<?xml version="1.0" encoding="UTF-8"?>
<!-- Generated by org.testng.reporters.JUnitXMLReporter -->
<testsuite hostname="Jayarees-MacBook-Pro.local" ignored="3" name="Safari(failed)" tests="3" failures="3" timestamp="25 Mar 2019 15:55:53 GMT" time="0.045" errors="0">
  <testcase name="the_popbitch_wallet_balance_is_updated_same_as_reaction_and_free_point_remains_uneffected" time="0.011" classname="Stepdef.Reaction_Transaction">
    <failure type="java.lang.NullPointerException">
      <![CDATA[java.lang.NullPointerException
at Stepdef.Reaction_Transaction.the_popbitch_wallet_balance_is_updated_same_as_reaction_and_free_point_remains_uneffected(Reaction_Transaction.java:234)
... Removed 25 stack frames]]>
    </failure>
  </testcase> <!-- the_popbitch_wallet_balance_is_updated_same_as_reaction_and_free_point_remains_uneffected -->
  <testcase name="cricketer_wallet_balance_is_updated_and_free_point_remains_uneffected" time="0.001" classname="Stepdef.Reaction_Transaction">
    <failure type="java.lang.NullPointerException">
      <![CDATA[java.lang.NullPointerException
at Stepdef.Reaction_Transaction.cricketer_wallet_balance_is_updated_and_free_point_remains_uneffected(Reaction_Transaction.java:299)
... Removed 25 stack frames]]>
    </failure>
  </testcase> <!-- cricketer_wallet_balance_is_updated_and_free_point_remains_uneffected -->
  <testcase name="Cornwall_wallet_balance_remains_and_is_uneffected" time="0.001" classname="Stepdef.Reaction_Transaction">
    <failure type="java.lang.NullPointerException">
      <![CDATA[java.lang.NullPointerException
at Stepdef.Reaction_Transaction.Cornwall_wallet_balance_remains_and_is_uneffected(Reaction_Transaction.java:364)
... Removed 25 stack frames]]>
    </failure>
  </testcase> <!-- Cornwall_wallet_balance_remains_and_is_uneffected -->
  <testcase name="the_wallet_balance_and_free_point_are_deducted_by_x_amount_on_reaction_wallet" time="0.0" classname="Stepdef.Reaction_Transaction">
    <ignored/>
  </testcase> <!-- the_wallet_balance_and_free_point_are_deducted_by_x_amount_on_reaction_wallet -->
  <testcase name="i_read_a_premium_article_on_reaction" time="0.0" classname="Stepdef.Reaction_Transaction">
    <ignored/>
  </testcase> <!-- i_read_a_premium_article_on_reaction -->
  <testcase name="i_am_a_registered_Agate_User_and_I_login_in_to_Reaction" time="0.0" classname="Stepdef.Reaction_Transaction">
    <ignored/>
  </testcase> <!-- i_am_a_registered_Agate_User_and_I_login_in_to_Reaction -->
</testsuite> <!-- Safari(failed) -->
